Determining if the function sgemm_ exists failed with the following output:
Change Dir: /home/tianlun/codes/espresso-refactorised/cmake-build-debug/CMakeFiles/CMakeTmp

Run Build Command:"/usr/bin/make" "cmTC_c2e1b/fast"
/usr/bin/make -f CMakeFiles/cmTC_c2e1b.dir/build.make CMakeFiles/cmTC_c2e1b.dir/build
make[1]: Entering directory '/home/tianlun/codes/espresso-refactorised/cmake-build-debug/CMakeFiles/CMakeTmp'
Building C object CMakeFiles/cmTC_c2e1b.dir/CheckFunctionExists.c.o
/usr/bin/cc   -DCHECK_FUNCTION_EXISTS=sgemm_   -o CMakeFiles/cmTC_c2e1b.dir/CheckFunctionExists.c.o   -c /opt/clion-2019.1/bin/cmake/linux/share/cmake-3.13/Modules/CheckFunctionExists.c
Linking C executable cmTC_c2e1b
/opt/clion-2019.1/bin/cmake/linux/bin/cmake -E cmake_link_script CMakeFiles/cmTC_c2e1b.dir/link.txt --verbose=1
/usr/bin/cc  -DCHECK_FUNCTION_EXISTS=sgemm_    CMakeFiles/cmTC_c2e1b.dir/CheckFunctionExists.c.o  -o cmTC_c2e1b 
CMakeFiles/cmTC_c2e1b.dir/CheckFunctionExists.c.o: In function `main':
CheckFunctionExists.c:(.text+0x10): undefined reference to `sgemm_'
collect2: error: ld returned 1 exit status
CMakeFiles/cmTC_c2e1b.dir/build.make:86: recipe for target 'cmTC_c2e1b' failed
make[1]: *** [cmTC_c2e1b] Error 1
make[1]: Leaving directory '/home/tianlun/codes/espresso-refactorised/cmake-build-debug/CMakeFiles/CMakeTmp'
Makefile:121: recipe for target 'cmTC_c2e1b/fast' failed
make: *** [cmTC_c2e1b/fast] Error 2


Determining if the pthread_create exist failed with the following output:
Change Dir: /home/tianlun/codes/espresso-refactorised/cmake-build-debug/CMakeFiles/CMakeTmp

Run Build Command:"/usr/bin/make" "cmTC_34f06/fast"
/usr/bin/make -f CMakeFiles/cmTC_34f06.dir/build.make CMakeFiles/cmTC_34f06.dir/build
make[1]: Entering directory '/home/tianlun/codes/espresso-refactorised/cmake-build-debug/CMakeFiles/CMakeTmp'
Building C object CMakeFiles/cmTC_34f06.dir/CheckSymbolExists.c.o
/usr/bin/cc    -o CMakeFiles/cmTC_34f06.dir/CheckSymbolExists.c.o   -c /home/tianlun/codes/espresso-refactorised/cmake-build-debug/CMakeFiles/CMakeTmp/CheckSymbolExists.c
Linking C executable cmTC_34f06
/opt/clion-2019.1/bin/cmake/linux/bin/cmake -E cmake_link_script CMakeFiles/cmTC_34f06.dir/link.txt --verbose=1
/usr/bin/cc      CMakeFiles/cmTC_34f06.dir/CheckSymbolExists.c.o  -o cmTC_34f06 
CMakeFiles/cmTC_34f06.dir/CheckSymbolExists.c.o: In function `main':
CheckSymbolExists.c:(.text+0x1b): undefined reference to `pthread_create'
collect2: error: ld returned 1 exit status
CMakeFiles/cmTC_34f06.dir/build.make:86: recipe for target 'cmTC_34f06' failed
make[1]: *** [cmTC_34f06] Error 1
make[1]: Leaving directory '/home/tianlun/codes/espresso-refactorised/cmake-build-debug/CMakeFiles/CMakeTmp'
Makefile:121: recipe for target 'cmTC_34f06/fast' failed
make: *** [cmTC_34f06/fast] Error 2

File /home/tianlun/codes/espresso-refactorised/cmake-build-debug/CMakeFiles/CMakeTmp/CheckSymbolExists.c:
/* */
#include <pthread.h>

int main(int argc, char** argv)
{
  (void)argv;
#ifndef pthread_create
  return ((int*)(&pthread_create))[argc];
#else
  (void)argc;
  return 0;
#endif
}

Determining if the function pthread_create exists in the pthreads failed with the following output:
Change Dir: /home/tianlun/codes/espresso-refactorised/cmake-build-debug/CMakeFiles/CMakeTmp

Run Build Command:"/usr/bin/make" "cmTC_59e7e/fast"
/usr/bin/make -f CMakeFiles/cmTC_59e7e.dir/build.make CMakeFiles/cmTC_59e7e.dir/build
make[1]: Entering directory '/home/tianlun/codes/espresso-refactorised/cmake-build-debug/CMakeFiles/CMakeTmp'
Building C object CMakeFiles/cmTC_59e7e.dir/CheckFunctionExists.c.o
/usr/bin/cc   -DCHECK_FUNCTION_EXISTS=pthread_create   -o CMakeFiles/cmTC_59e7e.dir/CheckFunctionExists.c.o   -c /opt/clion-2019.1/bin/cmake/linux/share/cmake-3.13/Modules/CheckFunctionExists.c
Linking C executable cmTC_59e7e
/opt/clion-2019.1/bin/cmake/linux/bin/cmake -E cmake_link_script CMakeFiles/cmTC_59e7e.dir/link.txt --verbose=1
/usr/bin/cc  -DCHECK_FUNCTION_EXISTS=pthread_create    CMakeFiles/cmTC_59e7e.dir/CheckFunctionExists.c.o  -o cmTC_59e7e -lpthreads 
/usr/bin/ld: cannot find -lpthreads
collect2: error: ld returned 1 exit status
CMakeFiles/cmTC_59e7e.dir/build.make:86: recipe for target 'cmTC_59e7e' failed
make[1]: *** [cmTC_59e7e] Error 1
make[1]: Leaving directory '/home/tianlun/codes/espresso-refactorised/cmake-build-debug/CMakeFiles/CMakeTmp'
Makefile:121: recipe for target 'cmTC_59e7e/fast' failed
make: *** [cmTC_59e7e/fast] Error 2


